<?xml version="1.0" encoding="UTF-8"?>
<!-- Generated by org.testng.reporters.JUnitXMLReporter -->
<testsuite hostname="KEV-PC" ignored="0" name="Default test" tests="3" failures="0" timestamp="15 Apr 2022 11:24:28 GMT" time="11.241" errors="0">
  <testcase name="testDashboardAPI" time="1.939" classname="qaautomation.march2022.APITestAfterRefactor"/>
  <testcase name="testDashboardWithoutParam" time="1.538" classname="qaautomation.march2022.APITestAfterRefactor"/>
  <testcase name="testDashboardWithoutToken" time="1.282" classname="qaautomation.march2022.APITestAfterRefactor"/>
</testsuite> <!-- Default test -->
