<?xml version="1.0" encoding="UTF-8"?>
<!-- Generated by org.testng.reporters.JUnitXMLReporter -->
<testsuite hostname="KEV-PC" ignored="0" name="Test" tests="3" failures="0" timestamp="16 Apr 2022 04:17:49 GMT" time="11.566" errors="0">
  <testcase name="testDashboardAPI" time="1.946" classname="qaautomation.march2022.APITestAfterRefactor"/>
  <testcase name="testDashboardWithoutParam" time="1.53" classname="qaautomation.march2022.APITestAfterRefactor"/>
  <testcase name="testDashboardWithoutToken" time="1.309" classname="qaautomation.march2022.APITestAfterRefactor"/>
</testsuite> <!-- Test -->
