<?xml version="1.0" encoding="UTF-8"?>
<testng-results skipped="0" failed="0" ignored="0" total="1" passed="1">
  <reporter-output>
  </reporter-output>
  <suite name="Default suite" duration-ms="2347" started-at="2022-05-12T10:52:51Z" finished-at="2022-05-12T10:52:53Z">
    <groups>
    </groups>
    <test name="Default test" duration-ms="2347" started-at="2022-05-12T10:52:51Z" finished-at="2022-05-12T10:52:53Z">
      <class name="qaautomation.march2022.RegisterKolak">
        <test-method status="PASS" signature="registerKolak()[pri:0, instance:qaautomation.march2022.RegisterKolak@40cb8df7]" name="registerKolak" duration-ms="2269" started-at="2022-05-12T10:52:51Z" finished-at="2022-05-12T10:52:53Z">
          <reporter-output>
          </reporter-output>
        </test-method> <!-- registerKolak -->
      </class> <!-- qaautomation.march2022.RegisterKolak -->
    </test> <!-- Default test -->
  </suite> <!-- Default suite -->
</testng-results>
